[0.005s] Invoking command in '/home/rohan908/Documents/ACP/NMPC/src/ros2_fast_planner/Fast-Planner-ROS2-Humble/build/plan_env': /usr/bin/cmake /home/rohan908/Documents/ACP/NMPC/src/ros2_fast_planner/Fast-Planner-ROS2-Humble/fast_planner/plan_env -DCATKIN_INSTALL_INTO_PREFIX_ROOT=0 -DCMAKE_INSTALL_PREFIX=/home/rohan908/Documents/ACP/NMPC/src/ros2_fast_planner/Fast-Planner-ROS2-Humble/install/plan_env
[0.038s] -- The C compiler identification is GNU 11.4.0
[0.067s] -- The CXX compiler identification is GNU 11.4.0
[0.072s] -- Detecting C compiler ABI info
[0.113s] -- Detecting C compiler ABI info - done
[0.117s] -- Check for working C compiler: /usr/bin/cc - skipped
[0.117s] -- Detecting C compile features
[0.117s] -- Detecting C compile features - done
[0.118s] -- Detecting CXX compiler ABI info
[0.164s] -- Detecting CXX compiler ABI info - done
[0.166s] -- Check for working CXX compiler: /usr/bin/c++ - skipped
[0.166s] -- Detecting CXX compile features
[0.166s] -- Detecting CXX compile features - done
[0.167s] -- Found ament_cmake: 1.3.12 (/opt/ros/humble/share/ament_cmake/cmake)
[0.338s] -- Found Python3: /usr/bin/python3 (found version "3.10.12") found components: Interpreter 
[0.375s] -- Found eigen3_cmake_module: 0.1.1 (/opt/ros/humble/share/eigen3_cmake_module/cmake)
[0.378s] -- Found Eigen3: TRUE (found version "3.4.0") 
[0.378s] -- Found rclcpp: 16.0.15 (/opt/ros/humble/share/rclcpp/cmake)
[0.393s] -- Found rosidl_generator_c: 3.1.7 (/opt/ros/humble/share/rosidl_generator_c/cmake)
[0.395s] -- Found rosidl_adapter: 3.1.7 (/opt/ros/humble/share/rosidl_adapter/cmake)
[0.398s] -- Found rosidl_generator_cpp: 3.1.7 (/opt/ros/humble/share/rosidl_generator_cpp/cmake)
[0.403s] -- Using all available rosidl_typesupport_c: rosidl_typesupport_fastrtps_c;rosidl_typesupport_introspection_c
[0.409s] -- Using all available rosidl_typesupport_cpp: rosidl_typesupport_fastrtps_cpp;rosidl_typesupport_introspection_cpp
[0.426s] -- Found rmw_implementation_cmake: 6.1.2 (/opt/ros/humble/share/rmw_implementation_cmake/cmake)
[0.426s] -- Found rmw_fastrtps_cpp: 6.2.8 (/opt/ros/humble/share/rmw_fastrtps_cpp/cmake)
[0.477s] -- Found OpenSSL: /usr/lib/x86_64-linux-gnu/libcrypto.so (found version "3.0.2")  
[0.488s] -- Found FastRTPS: /opt/ros/humble/include  
[0.506s] -- Using RMW implementation 'rmw_fastrtps_cpp' as default
[0.510s] -- Looking for pthread.h
[0.559s] -- Looking for pthread.h - found
[0.559s] -- Performing Test CMAKE_HAVE_LIBC_PTHREAD
[0.602s] -- Performing Test CMAKE_HAVE_LIBC_PTHREAD - Success
[0.602s] -- Found Threads: TRUE  
[0.623s] -- Found sensor_msgs: 4.9.0 (/opt/ros/humble/share/sensor_msgs/cmake)
[0.638s] -- Found nav_msgs: 4.9.0 (/opt/ros/humble/share/nav_msgs/cmake)
[0.646s] -- Found visualization_msgs: 4.9.0 (/opt/ros/humble/share/visualization_msgs/cmake)
[0.656s] -- Found cv_bridge: 3.2.1 (/opt/ros/humble/share/cv_bridge/cmake)
[0.661s] -- Found message_filters: 4.3.8 (/opt/ros/humble/share/message_filters/cmake)
[0.662s] -- Found pcl_conversions: 2.4.5 (/opt/ros/humble/share/pcl_conversions/cmake)
[0.684s] -- Checking for module 'eigen3'
[0.692s] --   Found eigen3, version 3.4.0
[0.710s] -- Found Eigen: /usr/include/eigen3 (Required is at least version "3.1") 
[0.710s] -- Eigen found (include: /usr/include/eigen3, version: 3.4.0)
[0.729s] -- Checking for module 'flann'
[0.737s] --   Found flann, version 1.9.1
[0.756s] -- Found FLANN: /usr/lib/x86_64-linux-gnu/libflann_cpp.so  
[0.756s] -- FLANN found (include: /usr/include, lib: /usr/lib/x86_64-linux-gnu/libflann_cpp.so)
[1.306s] -- Checking for module 'libusb-1.0'
[1.313s] --   Found libusb-1.0, version 1.0.25
[1.333s] -- Found libusb: /usr/lib/x86_64-linux-gnu/libusb-1.0.so  
[1.333s] -- OpenNI found (version: 1.5.4.0, include: /usr/include/ni, lib: /usr/lib/libOpenNI.so;libusb::libusb)
[1.361s] -- OpenNI2 found (version: 2.2.0.33, include: /usr/include/openni2, lib: /usr/lib/x86_64-linux-gnu/libOpenNI2.so;libusb::libusb)
[1.428s] -- Eigen found (include: /usr/include/eigen3, version: 3.4.0)
[1.433s] -- OpenNI found (version: 1.5.4.0, include: /usr/include/ni, lib: /usr/lib/libOpenNI.so;libusb::libusb)
[1.439s] -- OpenNI2 found (version: 2.2.0.33, include: /usr/include/openni2, lib: /usr/lib/x86_64-linux-gnu/libOpenNI2.so;libusb::libusb)
[1.503s] -- Found Qhull version 8.0.2
[1.575s] -- OpenNI found (version: 1.5.4.0, include: /usr/include/ni, lib: /usr/lib/libOpenNI.so;libusb::libusb)
[1.641s] -- Found PCL_COMMON: /usr/lib/x86_64-linux-gnu/libpcl_common.so  
[1.641s] -- Found PCL_KDTREE: /usr/lib/x86_64-linux-gnu/libpcl_kdtree.so  
[1.642s] -- Found PCL_OCTREE: /usr/lib/x86_64-linux-gnu/libpcl_octree.so  
[1.642s] -- Found PCL_SEARCH: /usr/lib/x86_64-linux-gnu/libpcl_search.so  
[1.642s] -- Found PCL_SAMPLE_CONSENSUS: /usr/lib/x86_64-linux-gnu/libpcl_sample_consensus.so  
[1.643s] -- Found PCL_FILTERS: /usr/lib/x86_64-linux-gnu/libpcl_filters.so  
[1.643s] -- Found PCL_2D: /usr/include/pcl-1.12  
[1.643s] -- Found PCL_GEOMETRY: /usr/include/pcl-1.12  
[1.643s] -- Found PCL_IO: /usr/lib/x86_64-linux-gnu/libpcl_io.so  
[1.644s] -- Found PCL_FEATURES: /usr/lib/x86_64-linux-gnu/libpcl_features.so  
[1.645s] -- Found PCL_ML: /usr/lib/x86_64-linux-gnu/libpcl_ml.so  
[1.645s] -- Found PCL_SEGMENTATION: /usr/lib/x86_64-linux-gnu/libpcl_segmentation.so  
[1.645s] -- Found PCL_VISUALIZATION: /usr/lib/x86_64-linux-gnu/libpcl_visualization.so  
[1.645s] -- Found PCL_SURFACE: /usr/lib/x86_64-linux-gnu/libpcl_surface.so  
[1.646s] -- Found PCL_REGISTRATION: /usr/lib/x86_64-linux-gnu/libpcl_registration.so  
[1.647s] -- Found PCL_KEYPOINTS: /usr/lib/x86_64-linux-gnu/libpcl_keypoints.so  
[1.647s] -- Found PCL_TRACKING: /usr/lib/x86_64-linux-gnu/libpcl_tracking.so  
[1.647s] -- Found PCL_RECOGNITION: /usr/lib/x86_64-linux-gnu/libpcl_recognition.so  
[1.647s] -- Found PCL_STEREO: /usr/lib/x86_64-linux-gnu/libpcl_stereo.so  
[1.648s] -- Found PCL_APPS: /usr/lib/x86_64-linux-gnu/libpcl_apps.so  
[1.648s] -- Found PCL_IN_HAND_SCANNER: /usr/include/pcl-1.12  
[1.648s] -- Found PCL_MODELER: /usr/include/pcl-1.12  
[1.649s] -- Found PCL_POINT_CLOUD_EDITOR: /usr/include/pcl-1.12  
[1.649s] -- Found PCL_OUTOFCORE: /usr/lib/x86_64-linux-gnu/libpcl_outofcore.so  
[1.649s] -- Found PCL_PEOPLE: /usr/lib/x86_64-linux-gnu/libpcl_people.so  
[1.650s] [33mCMake Warning (dev) at CMakeLists.txt:19 (find_package):
[1.650s]   Policy CMP0074 is not set: find_package uses <PackageName>_ROOT variables.
[1.650s]   Run "cmake --help-policy CMP0074" for policy details.  Use the cmake_policy
[1.650s]   command to set the policy and suppress this warning.
[1.650s] 
[1.650s]   CMake variable PCL_ROOT is set to:
[1.650s] 
[1.650s]     /usr
[1.650s] 
[1.650s]   For compatibility, CMake is ignoring the variable.
[1.650s] This warning is for project developers.  Use -Wno-dev to suppress it.
[1.650s] [0m
[1.656s] -- Found OpenCV: /usr (found version "4.5.4") 
[1.691s] -- Configuring done
[1.712s] -- Generating done
[1.714s] [33mCMake Warning:
[1.714s]   Manually-specified variables were not used by the project:
[1.714s] 
[1.714s]     CATKIN_INSTALL_INTO_PREFIX_ROOT
[1.714s] 
[1.714s] [0m
[1.716s] -- Build files have been written to: /home/rohan908/Documents/ACP/NMPC/src/ros2_fast_planner/Fast-Planner-ROS2-Humble/build/plan_env
[1.729s] Invoked command in '/home/rohan908/Documents/ACP/NMPC/src/ros2_fast_planner/Fast-Planner-ROS2-Humble/build/plan_env' returned '0': /usr/bin/cmake /home/rohan908/Documents/ACP/NMPC/src/ros2_fast_planner/Fast-Planner-ROS2-Humble/fast_planner/plan_env -DCATKIN_INSTALL_INTO_PREFIX_ROOT=0 -DCMAKE_INSTALL_PREFIX=/home/rohan908/Documents/ACP/NMPC/src/ros2_fast_planner/Fast-Planner-ROS2-Humble/install/plan_env
[1.729s] Invoking command in '/home/rohan908/Documents/ACP/NMPC/src/ros2_fast_planner/Fast-Planner-ROS2-Humble/build/plan_env': /usr/bin/cmake --build /home/rohan908/Documents/ACP/NMPC/src/ros2_fast_planner/Fast-Planner-ROS2-Humble/build/plan_env -- -j20 -l20
[1.761s] [ 14%] [32mBuilding CXX object CMakeFiles/plan_env.dir/src/obj_predictor.cpp.o[0m
[1.761s] [ 57%] [32mBuilding CXX object CMakeFiles/plan_env.dir/src/edt_environment.cpp.o[0m
[1.761s] [ 57%] [32mBuilding CXX object CMakeFiles/obj_generator.dir/src/obj_generator.cpp.o[0m
[1.762s] [ 57%] [32mBuilding CXX object CMakeFiles/plan_env.dir/src/sdf_map.cpp.o[0m
[1.762s] [ 71%] [32mBuilding CXX object CMakeFiles/plan_env.dir/src/raycast.cpp.o[0m
[1.852s] [01m[K/home/rohan908/Documents/ACP/NMPC/src/ros2_fast_planner/Fast-Planner-ROS2-Humble/fast_planner/plan_env/src/obj_generator.cpp:30:10:[m[K [01;31m[Kfatal error: [m[Knav_msgs/msg/odometry.hpp: No such file or directory
[1.852s]    30 | #include [01;31m[K<nav_msgs/msg/odometry.hpp>[m[K
[1.852s]       |          [01;31m[K^~~~~~~~~~~~~~~~~~~~~~~~~~~[m[K
[1.852s] compilation terminated.
[1.853s] gmake[2]: *** [CMakeFiles/obj_generator.dir/build.make:76: CMakeFiles/obj_generator.dir/src/obj_generator.cpp.o] Error 1
[1.853s] gmake[1]: *** [CMakeFiles/Makefile2:165: CMakeFiles/obj_generator.dir/all] Error 2
[1.853s] gmake[1]: *** Waiting for unfinished jobs....
[1.857s] In file included from [01m[K/home/rohan908/Documents/ACP/NMPC/src/ros2_fast_planner/Fast-Planner-ROS2-Humble/fast_planner/plan_env/src/edt_environment.cpp:26[m[K:
[1.857s] [01m[K/home/rohan908/Documents/ACP/NMPC/src/ros2_fast_planner/Fast-Planner-ROS2-Humble/fast_planner/plan_env/include/plan_env/edt_environment.h:30:10:[m[K [01;31m[Kfatal error: [m[Kgeometry_msgs/PoseStamped.h: No such file or directory
[1.857s]    30 | #include [01;31m[K<geometry_msgs/PoseStamped.h>[m[K
[1.857s]       |          [01;31m[K^~~~~~~~~~~~~~~~~~~~~~~~~~~~~[m[K
[1.858s] compilation terminated.
[1.858s] gmake[2]: *** [CMakeFiles/plan_env.dir/build.make:104: CMakeFiles/plan_env.dir/src/edt_environment.cpp.o] Error 1
[1.859s] gmake[2]: *** Waiting for unfinished jobs....
[4.385s] [01m[K/home/rohan908/Documents/ACP/NMPC/src/ros2_fast_planner/Fast-Planner-ROS2-Humble/fast_planner/plan_env/src/sdf_map.cpp:[m[K In member function â€˜[01m[Kvoid SDFMap::updateOccupancyCallback()[m[Kâ€™:
[4.385s] [01m[K/home/rohan908/Documents/ACP/NMPC/src/ros2_fast_planner/Fast-Planner-ROS2-Humble/fast_planner/plan_env/src/sdf_map.cpp:819:32:[m[K [01;31m[Kerror: [m[Kâ€˜[01m[Kclass rclcpp::Duration[m[Kâ€™ has no member named â€˜[01m[KtoSec[m[Kâ€™
[4.385s]   819 |    md_.fuse_time_ += (t2 - t1).[01;31m[KtoSec[m[K();
[4.386s]       |                                [01;31m[K^~~~~[m[K
[4.386s] [01m[K/home/rohan908/Documents/ACP/NMPC/src/ros2_fast_planner/Fast-Planner-ROS2-Humble/fast_planner/plan_env/src/sdf_map.cpp:820:59:[m[K [01;31m[Kerror: [m[Kâ€˜[01m[Kclass rclcpp::Duration[m[Kâ€™ has no member named â€˜[01m[KtoSec[m[Kâ€™
[4.386s]   820 |    md_.max_fuse_time_ = max(md_.max_fuse_time_, (t2 - t1).[01;31m[KtoSec[m[K());
[4.386s]       |                                                           [01;31m[K^~~~~[m[K
[4.386s] [01m[K/home/rohan908/Documents/ACP/NMPC/src/ros2_fast_planner/Fast-Planner-ROS2-Humble/fast_planner/plan_env/src/sdf_map.cpp:[m[K In member function â€˜[01m[Kvoid SDFMap::updateESDFCallback()[m[Kâ€™:
[4.386s] [01m[K/home/rohan908/Documents/ACP/NMPC/src/ros2_fast_planner/Fast-Planner-ROS2-Humble/fast_planner/plan_env/src/sdf_map.cpp:842:32:[m[K [01;31m[Kerror: [m[Kâ€˜[01m[Kclass rclcpp::Duration[m[Kâ€™ has no member named â€˜[01m[KtoSec[m[Kâ€™
[4.386s]   842 |    md_.esdf_time_ += (t2 - t1).[01;31m[KtoSec[m[K();
[4.386s]       |                                [01;31m[K^~~~~[m[K
[4.386s] [01m[K/home/rohan908/Documents/ACP/NMPC/src/ros2_fast_planner/Fast-Planner-ROS2-Humble/fast_planner/plan_env/src/sdf_map.cpp:843:59:[m[K [01;31m[Kerror: [m[Kâ€˜[01m[Kclass rclcpp::Duration[m[Kâ€™ has no member named â€˜[01m[KtoSec[m[Kâ€™
[4.386s]   843 |    md_.max_esdf_time_ = max(md_.max_esdf_time_, (t2 - t1).[01;31m[KtoSec[m[K());
[4.386s]       |                                                           [01;31m[K^~~~~[m[K
[4.403s] [01m[K/home/rohan908/Documents/ACP/NMPC/src/ros2_fast_planner/Fast-Planner-ROS2-Humble/fast_planner/plan_env/src/sdf_map.cpp:[m[K In member function â€˜[01m[Kvoid SDFMap::publishMap()[m[Kâ€™:
[4.403s] [01m[K/home/rohan908/Documents/ACP/NMPC/src/ros2_fast_planner/Fast-Planner-ROS2-Humble/fast_planner/plan_env/src/sdf_map.cpp:1054:16:[m[K [01;31m[Kerror: [m[Kâ€˜[01m[KPointCloud2[m[Kâ€™ is not a member of â€˜[01m[Ksensor_msgs[m[Kâ€™; did you mean â€˜[01m[Ksensor_msgs::msg::PointCloud2[m[Kâ€™?
[4.403s]  1054 |   sensor_msgs::[01;31m[KPointCloud2[m[K cloud_msg;
[4.403s]       |                [01;31m[K^~~~~~~~~~~[m[K
[4.403s] In file included from [01m[K/opt/ros/humble/include/sensor_msgs/sensor_msgs/msg/point_cloud2.hpp:7[m[K,
[4.403s]                  from [01m[K/home/rohan908/Documents/ACP/NMPC/src/ros2_fast_planner/Fast-Planner-ROS2-Humble/fast_planner/plan_env/include/plan_env/sdf_map.h:33[m[K,
[4.403s]                  from [01m[K/home/rohan908/Documents/ACP/NMPC/src/ros2_fast_planner/Fast-Planner-ROS2-Humble/fast_planner/plan_env/src/sdf_map.cpp:26[m[K:
[4.403s] [01m[K/opt/ros/humble/include/sensor_msgs/sensor_msgs/msg/detail/point_cloud2__struct.hpp:235:7:[m[K [01;36m[Knote: [m[Kâ€˜[01m[Ksensor_msgs::msg::PointCloud2[m[Kâ€™ declared here
[4.403s]   235 | using [01;36m[KPointCloud2[m[K =
[4.403s]       |       [01;36m[K^~~~~~~~~~~[m[K
[4.409s] [01m[K/home/rohan908/Documents/ACP/NMPC/src/ros2_fast_planner/Fast-Planner-ROS2-Humble/fast_planner/plan_env/src/sdf_map.cpp:1056:24:[m[K [01;31m[Kerror: [m[Kâ€˜[01m[Kcloud_msg[m[Kâ€™ was not declared in this scope
[4.409s]  1056 |   pcl::toROSMsg(cloud, [01;31m[Kcloud_msg[m[K);
[4.409s]       |                        [01;31m[K^~~~~~~~~[m[K
[4.410s] [01m[K/home/rohan908/Documents/ACP/NMPC/src/ros2_fast_planner/Fast-Planner-ROS2-Humble/fast_planner/plan_env/src/sdf_map.cpp:[m[K In member function â€˜[01m[Kvoid SDFMap::publishMapInflate(bool)[m[Kâ€™:
[4.410s] [01m[K/home/rohan908/Documents/ACP/NMPC/src/ros2_fast_planner/Fast-Planner-ROS2-Humble/fast_planner/plan_env/src/sdf_map.cpp:1096:16:[m[K [01;31m[Kerror: [m[Kâ€˜[01m[KPointCloud2[m[Kâ€™ is not a member of â€˜[01m[Ksensor_msgs[m[Kâ€™; did you mean â€˜[01m[Ksensor_msgs::msg::PointCloud2[m[Kâ€™?
[4.410s]  1096 |   sensor_msgs::[01;31m[KPointCloud2[m[K cloud_msg;
[4.410s]       |                [01;31m[K^~~~~~~~~~~[m[K
[4.410s] In file included from [01m[K/opt/ros/humble/include/sensor_msgs/sensor_msgs/msg/point_cloud2.hpp:7[m[K,
[4.410s]                  from [01m[K/home/rohan908/Documents/ACP/NMPC/src/ros2_fast_planner/Fast-Planner-ROS2-Humble/fast_planner/plan_env/include/plan_env/sdf_map.h:33[m[K,
[4.410s]                  from [01m[K/home/rohan908/Documents/ACP/NMPC/src/ros2_fast_planner/Fast-Planner-ROS2-Humble/fast_planner/plan_env/src/sdf_map.cpp:26[m[K:
[4.410s] [01m[K/opt/ros/humble/include/sensor_msgs/sensor_msgs/msg/detail/point_cloud2__struct.hpp:235:7:[m[K [01;36m[Knote: [m[Kâ€˜[01m[Ksensor_msgs::msg::PointCloud2[m[Kâ€™ declared here
[4.410s]   235 | using [01;36m[KPointCloud2[m[K =
[4.410s]       |       [01;36m[K^~~~~~~~~~~[m[K
[4.416s] [01m[K/home/rohan908/Documents/ACP/NMPC/src/ros2_fast_planner/Fast-Planner-ROS2-Humble/fast_planner/plan_env/src/sdf_map.cpp:1098:24:[m[K [01;31m[Kerror: [m[Kâ€˜[01m[Kcloud_msg[m[Kâ€™ was not declared in this scope
[4.416s]  1098 |   pcl::toROSMsg(cloud, [01;31m[Kcloud_msg[m[K);
[4.416s]       |                        [01;31m[K^~~~~~~~~[m[K
[4.418s] [01m[K/home/rohan908/Documents/ACP/NMPC/src/ros2_fast_planner/Fast-Planner-ROS2-Humble/fast_planner/plan_env/src/sdf_map.cpp:[m[K In member function â€˜[01m[Kvoid SDFMap::publishUnknown()[m[Kâ€™:
[4.418s] [01m[K/home/rohan908/Documents/ACP/NMPC/src/ros2_fast_planner/Fast-Planner-ROS2-Humble/fast_planner/plan_env/src/sdf_map.cpp:1138:16:[m[K [01;31m[Kerror: [m[Kâ€˜[01m[KPointCloud2[m[Kâ€™ is not a member of â€˜[01m[Ksensor_msgs[m[Kâ€™; did you mean â€˜[01m[Ksensor_msgs::msg::PointCloud2[m[Kâ€™?
[4.418s]  1138 |   sensor_msgs::[01;31m[KPointCloud2[m[K cloud_msg;
[4.418s]       |                [01;31m[K^~~~~~~~~~~[m[K
[4.418s] In file included from [01m[K/opt/ros/humble/include/sensor_msgs/sensor_msgs/msg/point_cloud2.hpp:7[m[K,
[4.418s]                  from [01m[K/home/rohan908/Documents/ACP/NMPC/src/ros2_fast_planner/Fast-Planner-ROS2-Humble/fast_planner/plan_env/include/plan_env/sdf_map.h:33[m[K,
[4.418s]                  from [01m[K/home/rohan908/Documents/ACP/NMPC/src/ros2_fast_planner/Fast-Planner-ROS2-Humble/fast_planner/plan_env/src/sdf_map.cpp:26[m[K:
[4.418s] [01m[K/opt/ros/humble/include/sensor_msgs/sensor_msgs/msg/detail/point_cloud2__struct.hpp:235:7:[m[K [01;36m[Knote: [m[Kâ€˜[01m[Ksensor_msgs::msg::PointCloud2[m[Kâ€™ declared here
[4.418s]   235 | using [01;36m[KPointCloud2[m[K =
[4.418s]       |       [01;36m[K^~~~~~~~~~~[m[K
[4.424s] [01m[K/home/rohan908/Documents/ACP/NMPC/src/ros2_fast_planner/Fast-Planner-ROS2-Humble/fast_planner/plan_env/src/sdf_map.cpp:1139:24:[m[K [01;31m[Kerror: [m[Kâ€˜[01m[Kcloud_msg[m[Kâ€™ was not declared in this scope
[4.424s]  1139 |   pcl::toROSMsg(cloud, [01;31m[Kcloud_msg[m[K);
[4.424s]       |                        [01;31m[K^~~~~~~~~[m[K
[4.425s] [01m[K/home/rohan908/Documents/ACP/NMPC/src/ros2_fast_planner/Fast-Planner-ROS2-Humble/fast_planner/plan_env/src/sdf_map.cpp:[m[K In member function â€˜[01m[Kvoid SDFMap::publishDepth()[m[Kâ€™:
[4.425s] [01m[K/home/rohan908/Documents/ACP/NMPC/src/ros2_fast_planner/Fast-Planner-ROS2-Humble/fast_planner/plan_env/src/sdf_map.cpp:1160:16:[m[K [01;31m[Kerror: [m[Kâ€˜[01m[KPointCloud2[m[Kâ€™ is not a member of â€˜[01m[Ksensor_msgs[m[Kâ€™; did you mean â€˜[01m[Ksensor_msgs::msg::PointCloud2[m[Kâ€™?
[4.425s]  1160 |   sensor_msgs::[01;31m[KPointCloud2[m[K cloud_msg;
[4.425s]       |                [01;31m[K^~~~~~~~~~~[m[K
[4.425s] In file included from [01m[K/opt/ros/humble/include/sensor_msgs/sensor_msgs/msg/point_cloud2.hpp:7[m[K,
[4.425s]                  from [01m[K/home/rohan908/Documents/ACP/NMPC/src/ros2_fast_planner/Fast-Planner-ROS2-Humble/fast_planner/plan_env/include/plan_env/sdf_map.h:33[m[K,
[4.425s]                  from [01m[K/home/rohan908/Documents/ACP/NMPC/src/ros2_fast_planner/Fast-Planner-ROS2-Humble/fast_planner/plan_env/src/sdf_map.cpp:26[m[K:
[4.425s] [01m[K/opt/ros/humble/include/sensor_msgs/sensor_msgs/msg/detail/point_cloud2__struct.hpp:235:7:[m[K [01;36m[Knote: [m[Kâ€˜[01m[Ksensor_msgs::msg::PointCloud2[m[Kâ€™ declared here
[4.425s]   235 | using [01;36m[KPointCloud2[m[K =
[4.425s]       |       [01;36m[K^~~~~~~~~~~[m[K
[4.431s] [01m[K/home/rohan908/Documents/ACP/NMPC/src/ros2_fast_planner/Fast-Planner-ROS2-Humble/fast_planner/plan_env/src/sdf_map.cpp:1161:24:[m[K [01;31m[Kerror: [m[Kâ€˜[01m[Kcloud_msg[m[Kâ€™ was not declared in this scope
[4.431s]  1161 |   pcl::toROSMsg(cloud, [01;31m[Kcloud_msg[m[K);
[4.431s]       |                        [01;31m[K^~~~~~~~~[m[K
[4.443s] [01m[K/home/rohan908/Documents/ACP/NMPC/src/ros2_fast_planner/Fast-Planner-ROS2-Humble/fast_planner/plan_env/src/sdf_map.cpp:[m[K In member function â€˜[01m[Kvoid SDFMap::publishESDF()[m[Kâ€™:
[4.443s] [01m[K/home/rohan908/Documents/ACP/NMPC/src/ros2_fast_planner/Fast-Planner-ROS2-Humble/fast_planner/plan_env/src/sdf_map.cpp:1238:16:[m[K [01;31m[Kerror: [m[Kâ€˜[01m[KPointCloud2[m[Kâ€™ is not a member of â€˜[01m[Ksensor_msgs[m[Kâ€™; did you mean â€˜[01m[Ksensor_msgs::msg::PointCloud2[m[Kâ€™?
[4.443s]  1238 |   sensor_msgs::[01;31m[KPointCloud2[m[K cloud_msg;
[4.443s]       |                [01;31m[K^~~~~~~~~~~[m[K
[4.443s] In file included from [01m[K/opt/ros/humble/include/sensor_msgs/sensor_msgs/msg/point_cloud2.hpp:7[m[K,
[4.443s]                  from [01m[K/home/rohan908/Documents/ACP/NMPC/src/ros2_fast_planner/Fast-Planner-ROS2-Humble/fast_planner/plan_env/include/plan_env/sdf_map.h:33[m[K,
[4.443s]                  from [01m[K/home/rohan908/Documents/ACP/NMPC/src/ros2_fast_planner/Fast-Planner-ROS2-Humble/fast_planner/plan_env/src/sdf_map.cpp:26[m[K:
[4.443s] [01m[K/opt/ros/humble/include/sensor_msgs/sensor_msgs/msg/detail/point_cloud2__struct.hpp:235:7:[m[K [01;36m[Knote: [m[Kâ€˜[01m[Ksensor_msgs::msg::PointCloud2[m[Kâ€™ declared here
[4.443s]   235 | using [01;36m[KPointCloud2[m[K =
[4.443s]       |       [01;36m[K^~~~~~~~~~~[m[K
[4.449s] [01m[K/home/rohan908/Documents/ACP/NMPC/src/ros2_fast_planner/Fast-Planner-ROS2-Humble/fast_planner/plan_env/src/sdf_map.cpp:1239:24:[m[K [01;31m[Kerror: [m[Kâ€˜[01m[Kcloud_msg[m[Kâ€™ was not declared in this scope
[4.449s]  1239 |   pcl::toROSMsg(cloud, [01;31m[Kcloud_msg[m[K);
[4.449s]       |                        [01;31m[K^~~~~~~~~[m[K
[8.135s] gmake[2]: *** [CMakeFiles/plan_env.dir/build.make:76: CMakeFiles/plan_env.dir/src/sdf_map.cpp.o] Error 1
[9.600s] gmake[1]: *** [CMakeFiles/Makefile2:139: CMakeFiles/plan_env.dir/all] Error 2
[9.600s] gmake: *** [Makefile:146: all] Error 2
[9.602s] Invoked command in '/home/rohan908/Documents/ACP/NMPC/src/ros2_fast_planner/Fast-Planner-ROS2-Humble/build/plan_env' returned '2': /usr/bin/cmake --build /home/rohan908/Documents/ACP/NMPC/src/ros2_fast_planner/Fast-Planner-ROS2-Humble/build/plan_env -- -j20 -l20
