[33mCMake Warning (dev) at CMakeLists.txt:19 (find_package):
  Policy CMP0074 is not set: find_package uses <PackageName>_ROOT variables.
  Run "cmake --help-policy CMP0074" for policy details.  Use the cmake_policy
  command to set the policy and suppress this warning.

  CMake variable PCL_ROOT is set to:

    /usr

  For compatibility, CMake is ignoring the variable.
This warning is for project developers.  Use -Wno-dev to suppress it.
[0m
[01m[K/home/rohan908/Documents/ACP/NMPC/src/ros2_fast_planner/Fast-Planner-ROS2-Humble/fast_planner/plan_env/src/obj_generator.cpp:32:10:[m[K [01;31m[Kfatal error: [m[Kpcl_conversions/pcl_conversions.h: No such file or directory
   32 | #include [01;31m[K<pcl_conversions/pcl_conversions.h>[m[K
      |          [01;31m[K^~~~~~~~~~~~~~~~~~~~~~~~~~~~~~~~~~~[m[K
compilation terminated.
gmake[2]: *** [CMakeFiles/obj_generator.dir/build.make:76: CMakeFiles/obj_generator.dir/src/obj_generator.cpp.o] Error 1
gmake[1]: *** [CMakeFiles/Makefile2:165: CMakeFiles/obj_generator.dir/all] Error 2
gmake[1]: *** Waiting for unfinished jobs....
[01m[K/home/rohan908/Documents/ACP/NMPC/src/ros2_fast_planner/Fast-Planner-ROS2-Humble/fast_planner/plan_env/src/sdf_map.cpp:[m[K In member function â€˜[01m[Kvoid SDFMap::publishMap()[m[Kâ€™:
[01m[K/home/rohan908/Documents/ACP/NMPC/src/ros2_fast_planner/Fast-Planner-ROS2-Humble/fast_planner/plan_env/src/sdf_map.cpp:1054:16:[m[K [01;31m[Kerror: [m[Kâ€˜[01m[KPointCloud2[m[Kâ€™ is not a member of â€˜[01m[Ksensor_msgs[m[Kâ€™; did you mean â€˜[01m[Ksensor_msgs::msg::PointCloud2[m[Kâ€™?
 1054 |   sensor_msgs::[01;31m[KPointCloud2[m[K cloud_msg;
      |                [01;31m[K^~~~~~~~~~~[m[K
In file included from [01m[K/opt/ros/humble/include/sensor_msgs/sensor_msgs/msg/point_cloud2.hpp:7[m[K,
                 from [01m[K/home/rohan908/Documents/ACP/NMPC/src/ros2_fast_planner/Fast-Planner-ROS2-Humble/fast_planner/plan_env/include/plan_env/sdf_map.h:33[m[K,
                 from [01m[K/home/rohan908/Documents/ACP/NMPC/src/ros2_fast_planner/Fast-Planner-ROS2-Humble/fast_planner/plan_env/src/sdf_map.cpp:26[m[K:
[01m[K/opt/ros/humble/include/sensor_msgs/sensor_msgs/msg/detail/point_cloud2__struct.hpp:235:7:[m[K [01;36m[Knote: [m[Kâ€˜[01m[Ksensor_msgs::msg::PointCloud2[m[Kâ€™ declared here
  235 | using [01;36m[KPointCloud2[m[K =
      |       [01;36m[K^~~~~~~~~~~[m[K
[01m[K/home/rohan908/Documents/ACP/NMPC/src/ros2_fast_planner/Fast-Planner-ROS2-Humble/fast_planner/plan_env/src/sdf_map.cpp:1056:24:[m[K [01;31m[Kerror: [m[Kâ€˜[01m[Kcloud_msg[m[Kâ€™ was not declared in this scope
 1056 |   pcl::toROSMsg(cloud, [01;31m[Kcloud_msg[m[K);
      |                        [01;31m[K^~~~~~~~~[m[K
[01m[K/home/rohan908/Documents/ACP/NMPC/src/ros2_fast_planner/Fast-Planner-ROS2-Humble/fast_planner/plan_env/src/sdf_map.cpp:[m[K In member function â€˜[01m[Kvoid SDFMap::publishMapInflate(bool)[m[Kâ€™:
[01m[K/home/rohan908/Documents/ACP/NMPC/src/ros2_fast_planner/Fast-Planner-ROS2-Humble/fast_planner/plan_env/src/sdf_map.cpp:1096:16:[m[K [01;31m[Kerror: [m[Kâ€˜[01m[KPointCloud2[m[Kâ€™ is not a member of â€˜[01m[Ksensor_msgs[m[Kâ€™; did you mean â€˜[01m[Ksensor_msgs::msg::PointCloud2[m[Kâ€™?
 1096 |   sensor_msgs::[01;31m[KPointCloud2[m[K cloud_msg;
      |                [01;31m[K^~~~~~~~~~~[m[K
In file included from [01m[K/opt/ros/humble/include/sensor_msgs/sensor_msgs/msg/point_cloud2.hpp:7[m[K,
                 from [01m[K/home/rohan908/Documents/ACP/NMPC/src/ros2_fast_planner/Fast-Planner-ROS2-Humble/fast_planner/plan_env/include/plan_env/sdf_map.h:33[m[K,
                 from [01m[K/home/rohan908/Documents/ACP/NMPC/src/ros2_fast_planner/Fast-Planner-ROS2-Humble/fast_planner/plan_env/src/sdf_map.cpp:26[m[K:
[01m[K/opt/ros/humble/include/sensor_msgs/sensor_msgs/msg/detail/point_cloud2__struct.hpp:235:7:[m[K [01;36m[Knote: [m[Kâ€˜[01m[Ksensor_msgs::msg::PointCloud2[m[Kâ€™ declared here
  235 | using [01;36m[KPointCloud2[m[K =
      |       [01;36m[K^~~~~~~~~~~[m[K
[01m[K/home/rohan908/Documents/ACP/NMPC/src/ros2_fast_planner/Fast-Planner-ROS2-Humble/fast_planner/plan_env/src/sdf_map.cpp:1098:24:[m[K [01;31m[Kerror: [m[Kâ€˜[01m[Kcloud_msg[m[Kâ€™ was not declared in this scope
 1098 |   pcl::toROSMsg(cloud, [01;31m[Kcloud_msg[m[K);
      |                        [01;31m[K^~~~~~~~~[m[K
[01m[K/home/rohan908/Documents/ACP/NMPC/src/ros2_fast_planner/Fast-Planner-ROS2-Humble/fast_planner/plan_env/src/sdf_map.cpp:[m[K In member function â€˜[01m[Kvoid SDFMap::publishUnknown()[m[Kâ€™:
[01m[K/home/rohan908/Documents/ACP/NMPC/src/ros2_fast_planner/Fast-Planner-ROS2-Humble/fast_planner/plan_env/src/sdf_map.cpp:1138:16:[m[K [01;31m[Kerror: [m[Kâ€˜[01m[KPointCloud2[m[Kâ€™ is not a member of â€˜[01m[Ksensor_msgs[m[Kâ€™; did you mean â€˜[01m[Ksensor_msgs::msg::PointCloud2[m[Kâ€™?
 1138 |   sensor_msgs::[01;31m[KPointCloud2[m[K cloud_msg;
      |                [01;31m[K^~~~~~~~~~~[m[K
In file included from [01m[K/opt/ros/humble/include/sensor_msgs/sensor_msgs/msg/point_cloud2.hpp:7[m[K,
                 from [01m[K/home/rohan908/Documents/ACP/NMPC/src/ros2_fast_planner/Fast-Planner-ROS2-Humble/fast_planner/plan_env/include/plan_env/sdf_map.h:33[m[K,
                 from [01m[K/home/rohan908/Documents/ACP/NMPC/src/ros2_fast_planner/Fast-Planner-ROS2-Humble/fast_planner/plan_env/src/sdf_map.cpp:26[m[K:
[01m[K/opt/ros/humble/include/sensor_msgs/sensor_msgs/msg/detail/point_cloud2__struct.hpp:235:7:[m[K [01;36m[Knote: [m[Kâ€˜[01m[Ksensor_msgs::msg::PointCloud2[m[Kâ€™ declared here
  235 | using [01;36m[KPointCloud2[m[K =
      |       [01;36m[K^~~~~~~~~~~[m[K
[01m[K/home/rohan908/Documents/ACP/NMPC/src/ros2_fast_planner/Fast-Planner-ROS2-Humble/fast_planner/plan_env/src/sdf_map.cpp:1139:24:[m[K [01;31m[Kerror: [m[Kâ€˜[01m[Kcloud_msg[m[Kâ€™ was not declared in this scope
 1139 |   pcl::toROSMsg(cloud, [01;31m[Kcloud_msg[m[K);
      |                        [01;31m[K^~~~~~~~~[m[K
[01m[K/home/rohan908/Documents/ACP/NMPC/src/ros2_fast_planner/Fast-Planner-ROS2-Humble/fast_planner/plan_env/src/sdf_map.cpp:[m[K In member function â€˜[01m[Kvoid SDFMap::publishDepth()[m[Kâ€™:
[01m[K/home/rohan908/Documents/ACP/NMPC/src/ros2_fast_planner/Fast-Planner-ROS2-Humble/fast_planner/plan_env/src/sdf_map.cpp:1160:16:[m[K [01;31m[Kerror: [m[Kâ€˜[01m[KPointCloud2[m[Kâ€™ is not a member of â€˜[01m[Ksensor_msgs[m[Kâ€™; did you mean â€˜[01m[Ksensor_msgs::msg::PointCloud2[m[Kâ€™?
 1160 |   sensor_msgs::[01;31m[KPointCloud2[m[K cloud_msg;
      |                [01;31m[K^~~~~~~~~~~[m[K
In file included from [01m[K/opt/ros/humble/include/sensor_msgs/sensor_msgs/msg/point_cloud2.hpp:7[m[K,
                 from [01m[K/home/rohan908/Documents/ACP/NMPC/src/ros2_fast_planner/Fast-Planner-ROS2-Humble/fast_planner/plan_env/include/plan_env/sdf_map.h:33[m[K,
                 from [01m[K/home/rohan908/Documents/ACP/NMPC/src/ros2_fast_planner/Fast-Planner-ROS2-Humble/fast_planner/plan_env/src/sdf_map.cpp:26[m[K:
[01m[K/opt/ros/humble/include/sensor_msgs/sensor_msgs/msg/detail/point_cloud2__struct.hpp:235:7:[m[K [01;36m[Knote: [m[Kâ€˜[01m[Ksensor_msgs::msg::PointCloud2[m[Kâ€™ declared here
  235 | using [01;36m[KPointCloud2[m[K =
      |       [01;36m[K^~~~~~~~~~~[m[K
[01m[K/home/rohan908/Documents/ACP/NMPC/src/ros2_fast_planner/Fast-Planner-ROS2-Humble/fast_planner/plan_env/src/sdf_map.cpp:1161:24:[m[K [01;31m[Kerror: [m[Kâ€˜[01m[Kcloud_msg[m[Kâ€™ was not declared in this scope
 1161 |   pcl::toROSMsg(cloud, [01;31m[Kcloud_msg[m[K);
      |                        [01;31m[K^~~~~~~~~[m[K
[01m[K/home/rohan908/Documents/ACP/NMPC/src/ros2_fast_planner/Fast-Planner-ROS2-Humble/fast_planner/plan_env/src/sdf_map.cpp:[m[K In member function â€˜[01m[Kvoid SDFMap::publishESDF()[m[Kâ€™:
[01m[K/home/rohan908/Documents/ACP/NMPC/src/ros2_fast_planner/Fast-Planner-ROS2-Humble/fast_planner/plan_env/src/sdf_map.cpp:1238:16:[m[K [01;31m[Kerror: [m[Kâ€˜[01m[KPointCloud2[m[Kâ€™ is not a member of â€˜[01m[Ksensor_msgs[m[Kâ€™; did you mean â€˜[01m[Ksensor_msgs::msg::PointCloud2[m[Kâ€™?
 1238 |   sensor_msgs::[01;31m[KPointCloud2[m[K cloud_msg;
      |                [01;31m[K^~~~~~~~~~~[m[K
In file included from [01m[K/opt/ros/humble/include/sensor_msgs/sensor_msgs/msg/point_cloud2.hpp:7[m[K,
                 from [01m[K/home/rohan908/Documents/ACP/NMPC/src/ros2_fast_planner/Fast-Planner-ROS2-Humble/fast_planner/plan_env/include/plan_env/sdf_map.h:33[m[K,
                 from [01m[K/home/rohan908/Documents/ACP/NMPC/src/ros2_fast_planner/Fast-Planner-ROS2-Humble/fast_planner/plan_env/src/sdf_map.cpp:26[m[K:
[01m[K/opt/ros/humble/include/sensor_msgs/sensor_msgs/msg/detail/point_cloud2__struct.hpp:235:7:[m[K [01;36m[Knote: [m[Kâ€˜[01m[Ksensor_msgs::msg::PointCloud2[m[Kâ€™ declared here
  235 | using [01;36m[KPointCloud2[m[K =
      |       [01;36m[K^~~~~~~~~~~[m[K
[01m[K/home/rohan908/Documents/ACP/NMPC/src/ros2_fast_planner/Fast-Planner-ROS2-Humble/fast_planner/plan_env/src/sdf_map.cpp:1239:24:[m[K [01;31m[Kerror: [m[Kâ€˜[01m[Kcloud_msg[m[Kâ€™ was not declared in this scope
 1239 |   pcl::toROSMsg(cloud, [01;31m[Kcloud_msg[m[K);
      |                        [01;31m[K^~~~~~~~~[m[K
gmake[2]: *** [CMakeFiles/plan_env.dir/build.make:76: CMakeFiles/plan_env.dir/src/sdf_map.cpp.o] Error 1
gmake[1]: *** [CMakeFiles/Makefile2:139: CMakeFiles/plan_env.dir/all] Error 2
gmake: *** [Makefile:146: all] Error 2
