[0.006s] Invoking command in '/home/rohan908/Documents/ACP/NMPC/src/ros2_fast_planner/Fast-Planner-ROS2-Humble/build/plan_env': /usr/bin/cmake --build /home/rohan908/Documents/ACP/NMPC/src/ros2_fast_planner/Fast-Planner-ROS2-Humble/build/plan_env -- -j20 -l20
[0.022s] -- Found ament_cmake: 1.3.12 (/opt/ros/humble/share/ament_cmake/cmake)
[0.084s] -- Found eigen3_cmake_module: 0.1.1 (/opt/ros/humble/share/eigen3_cmake_module/cmake)
[0.084s] -- Found rclcpp: 16.0.15 (/opt/ros/humble/share/rclcpp/cmake)
[0.096s] -- Found rosidl_generator_c: 3.1.7 (/opt/ros/humble/share/rosidl_generator_c/cmake)
[0.096s] -- Found rosidl_adapter: 3.1.7 (/opt/ros/humble/share/rosidl_adapter/cmake)
[0.099s] -- Found rosidl_generator_cpp: 3.1.7 (/opt/ros/humble/share/rosidl_generator_cpp/cmake)
[0.102s] -- Using all available rosidl_typesupport_c: rosidl_typesupport_fastrtps_c;rosidl_typesupport_introspection_c
[0.108s] -- Using all available rosidl_typesupport_cpp: rosidl_typesupport_fastrtps_cpp;rosidl_typesupport_introspection_cpp
[0.122s] -- Found rmw_implementation_cmake: 6.1.2 (/opt/ros/humble/share/rmw_implementation_cmake/cmake)
[0.122s] -- Found rmw_fastrtps_cpp: 6.2.8 (/opt/ros/humble/share/rmw_fastrtps_cpp/cmake)
[0.168s] -- Using RMW implementation 'rmw_fastrtps_cpp' as default
[0.186s] -- Found sensor_msgs: 4.9.0 (/opt/ros/humble/share/sensor_msgs/cmake)
[0.197s] -- Found nav_msgs: 4.9.0 (/opt/ros/humble/share/nav_msgs/cmake)
[0.203s] -- Found visualization_msgs: 4.9.0 (/opt/ros/humble/share/visualization_msgs/cmake)
[0.211s] -- Found cv_bridge: 3.2.1 (/opt/ros/humble/share/cv_bridge/cmake)
[0.215s] -- Found message_filters: 4.3.8 (/opt/ros/humble/share/message_filters/cmake)
[0.216s] -- Found pcl_conversions: 2.4.5 (/opt/ros/humble/share/pcl_conversions/cmake)
[0.231s] -- Eigen found (include: /usr/include/eigen3, version: 3.4.0)
[0.243s] -- FLANN found (include: /usr/include, lib: /usr/lib/x86_64-linux-gnu/libflann_cpp.so)
[0.387s] -- OpenNI found (version: 1.5.4.0, include: /usr/include/ni, lib: /usr/lib/libOpenNI.so;libusb::libusb)
[0.391s] -- OpenNI2 found (version: 2.2.0.33, include: /usr/include/openni2, lib: /usr/lib/x86_64-linux-gnu/libOpenNI2.so;libusb::libusb)
[0.460s] -- Eigen found (include: /usr/include/eigen3, version: 3.4.0)
[0.464s] -- OpenNI found (version: 1.5.4.0, include: /usr/include/ni, lib: /usr/lib/libOpenNI.so;libusb::libusb)
[0.469s] -- OpenNI2 found (version: 2.2.0.33, include: /usr/include/openni2, lib: /usr/lib/x86_64-linux-gnu/libOpenNI2.so;libusb::libusb)
[0.530s] -- Found Qhull version 8.0.2
[0.601s] -- OpenNI found (version: 1.5.4.0, include: /usr/include/ni, lib: /usr/lib/libOpenNI.so;libusb::libusb)
[0.668s] [33mCMake Warning (dev) at CMakeLists.txt:19 (find_package):
[0.668s]   Policy CMP0074 is not set: find_package uses <PackageName>_ROOT variables.
[0.668s]   Run "cmake --help-policy CMP0074" for policy details.  Use the cmake_policy
[0.668s]   command to set the policy and suppress this warning.
[0.668s] 
[0.668s]   CMake variable PCL_ROOT is set to:
[0.668s] 
[0.668s]     /usr
[0.668s] 
[0.668s]   For compatibility, CMake is ignoring the variable.
[0.668s] This warning is for project developers.  Use -Wno-dev to suppress it.
[0.668s] [0m
[0.705s] -- Configuring done
[0.719s] -- Generating done
[0.722s] -- Build files have been written to: /home/rohan908/Documents/ACP/NMPC/src/ros2_fast_planner/Fast-Planner-ROS2-Humble/build/plan_env
[0.747s] [35m[1mConsolidate compiler generated dependencies of target plan_env[0m
[0.750s] [ 14%] [32mBuilding CXX object CMakeFiles/obj_generator.dir/src/obj_generator.cpp.o[0m
[0.764s] [ 28%] [32mBuilding CXX object CMakeFiles/plan_env.dir/src/sdf_map.cpp.o[0m
[1.188s] [01m[K/home/rohan908/Documents/ACP/NMPC/src/ros2_fast_planner/Fast-Planner-ROS2-Humble/fast_planner/plan_env/src/obj_generator.cpp:32:10:[m[K [01;31m[Kfatal error: [m[Kpcl_conversions/pcl_conversions.h: No such file or directory
[1.188s]    32 | #include [01;31m[K<pcl_conversions/pcl_conversions.h>[m[K
[1.188s]       |          [01;31m[K^~~~~~~~~~~~~~~~~~~~~~~~~~~~~~~~~~~[m[K
[1.188s] compilation terminated.
[1.193s] gmake[2]: *** [CMakeFiles/obj_generator.dir/build.make:76: CMakeFiles/obj_generator.dir/src/obj_generator.cpp.o] Error 1
[1.193s] gmake[1]: *** [CMakeFiles/Makefile2:165: CMakeFiles/obj_generator.dir/all] Error 2
[1.194s] gmake[1]: *** Waiting for unfinished jobs....
[3.167s] [01m[K/home/rohan908/Documents/ACP/NMPC/src/ros2_fast_planner/Fast-Planner-ROS2-Humble/fast_planner/plan_env/src/sdf_map.cpp:[m[K In member function â€˜[01m[Kvoid SDFMap::publishMap()[m[Kâ€™:
[3.167s] [01m[K/home/rohan908/Documents/ACP/NMPC/src/ros2_fast_planner/Fast-Planner-ROS2-Humble/fast_planner/plan_env/src/sdf_map.cpp:1054:16:[m[K [01;31m[Kerror: [m[Kâ€˜[01m[KPointCloud2[m[Kâ€™ is not a member of â€˜[01m[Ksensor_msgs[m[Kâ€™; did you mean â€˜[01m[Ksensor_msgs::msg::PointCloud2[m[Kâ€™?
[3.167s]  1054 |   sensor_msgs::[01;31m[KPointCloud2[m[K cloud_msg;
[3.167s]       |                [01;31m[K^~~~~~~~~~~[m[K
[3.167s] In file included from [01m[K/opt/ros/humble/include/sensor_msgs/sensor_msgs/msg/point_cloud2.hpp:7[m[K,
[3.167s]                  from [01m[K/home/rohan908/Documents/ACP/NMPC/src/ros2_fast_planner/Fast-Planner-ROS2-Humble/fast_planner/plan_env/include/plan_env/sdf_map.h:33[m[K,
[3.167s]                  from [01m[K/home/rohan908/Documents/ACP/NMPC/src/ros2_fast_planner/Fast-Planner-ROS2-Humble/fast_planner/plan_env/src/sdf_map.cpp:26[m[K:
[3.167s] [01m[K/opt/ros/humble/include/sensor_msgs/sensor_msgs/msg/detail/point_cloud2__struct.hpp:235:7:[m[K [01;36m[Knote: [m[Kâ€˜[01m[Ksensor_msgs::msg::PointCloud2[m[Kâ€™ declared here
[3.167s]   235 | using [01;36m[KPointCloud2[m[K =
[3.167s]       |       [01;36m[K^~~~~~~~~~~[m[K
[3.173s] [01m[K/home/rohan908/Documents/ACP/NMPC/src/ros2_fast_planner/Fast-Planner-ROS2-Humble/fast_planner/plan_env/src/sdf_map.cpp:1056:24:[m[K [01;31m[Kerror: [m[Kâ€˜[01m[Kcloud_msg[m[Kâ€™ was not declared in this scope
[3.173s]  1056 |   pcl::toROSMsg(cloud, [01;31m[Kcloud_msg[m[K);
[3.173s]       |                        [01;31m[K^~~~~~~~~[m[K
[3.175s] [01m[K/home/rohan908/Documents/ACP/NMPC/src/ros2_fast_planner/Fast-Planner-ROS2-Humble/fast_planner/plan_env/src/sdf_map.cpp:[m[K In member function â€˜[01m[Kvoid SDFMap::publishMapInflate(bool)[m[Kâ€™:
[3.175s] [01m[K/home/rohan908/Documents/ACP/NMPC/src/ros2_fast_planner/Fast-Planner-ROS2-Humble/fast_planner/plan_env/src/sdf_map.cpp:1096:16:[m[K [01;31m[Kerror: [m[Kâ€˜[01m[KPointCloud2[m[Kâ€™ is not a member of â€˜[01m[Ksensor_msgs[m[Kâ€™; did you mean â€˜[01m[Ksensor_msgs::msg::PointCloud2[m[Kâ€™?
[3.175s]  1096 |   sensor_msgs::[01;31m[KPointCloud2[m[K cloud_msg;
[3.175s]       |                [01;31m[K^~~~~~~~~~~[m[K
[3.175s] In file included from [01m[K/opt/ros/humble/include/sensor_msgs/sensor_msgs/msg/point_cloud2.hpp:7[m[K,
[3.175s]                  from [01m[K/home/rohan908/Documents/ACP/NMPC/src/ros2_fast_planner/Fast-Planner-ROS2-Humble/fast_planner/plan_env/include/plan_env/sdf_map.h:33[m[K,
[3.175s]                  from [01m[K/home/rohan908/Documents/ACP/NMPC/src/ros2_fast_planner/Fast-Planner-ROS2-Humble/fast_planner/plan_env/src/sdf_map.cpp:26[m[K:
[3.175s] [01m[K/opt/ros/humble/include/sensor_msgs/sensor_msgs/msg/detail/point_cloud2__struct.hpp:235:7:[m[K [01;36m[Knote: [m[Kâ€˜[01m[Ksensor_msgs::msg::PointCloud2[m[Kâ€™ declared here
[3.175s]   235 | using [01;36m[KPointCloud2[m[K =
[3.175s]       |       [01;36m[K^~~~~~~~~~~[m[K
[3.179s] [01m[K/home/rohan908/Documents/ACP/NMPC/src/ros2_fast_planner/Fast-Planner-ROS2-Humble/fast_planner/plan_env/src/sdf_map.cpp:1098:24:[m[K [01;31m[Kerror: [m[Kâ€˜[01m[Kcloud_msg[m[Kâ€™ was not declared in this scope
[3.179s]  1098 |   pcl::toROSMsg(cloud, [01;31m[Kcloud_msg[m[K);
[3.179s]       |                        [01;31m[K^~~~~~~~~[m[K
[3.181s] [01m[K/home/rohan908/Documents/ACP/NMPC/src/ros2_fast_planner/Fast-Planner-ROS2-Humble/fast_planner/plan_env/src/sdf_map.cpp:[m[K In member function â€˜[01m[Kvoid SDFMap::publishUnknown()[m[Kâ€™:
[3.181s] [01m[K/home/rohan908/Documents/ACP/NMPC/src/ros2_fast_planner/Fast-Planner-ROS2-Humble/fast_planner/plan_env/src/sdf_map.cpp:1138:16:[m[K [01;31m[Kerror: [m[Kâ€˜[01m[KPointCloud2[m[Kâ€™ is not a member of â€˜[01m[Ksensor_msgs[m[Kâ€™; did you mean â€˜[01m[Ksensor_msgs::msg::PointCloud2[m[Kâ€™?
[3.181s]  1138 |   sensor_msgs::[01;31m[KPointCloud2[m[K cloud_msg;
[3.181s]       |                [01;31m[K^~~~~~~~~~~[m[K
[3.181s] In file included from [01m[K/opt/ros/humble/include/sensor_msgs/sensor_msgs/msg/point_cloud2.hpp:7[m[K,
[3.181s]                  from [01m[K/home/rohan908/Documents/ACP/NMPC/src/ros2_fast_planner/Fast-Planner-ROS2-Humble/fast_planner/plan_env/include/plan_env/sdf_map.h:33[m[K,
[3.181s]                  from [01m[K/home/rohan908/Documents/ACP/NMPC/src/ros2_fast_planner/Fast-Planner-ROS2-Humble/fast_planner/plan_env/src/sdf_map.cpp:26[m[K:
[3.181s] [01m[K/opt/ros/humble/include/sensor_msgs/sensor_msgs/msg/detail/point_cloud2__struct.hpp:235:7:[m[K [01;36m[Knote: [m[Kâ€˜[01m[Ksensor_msgs::msg::PointCloud2[m[Kâ€™ declared here
[3.181s]   235 | using [01;36m[KPointCloud2[m[K =
[3.181s]       |       [01;36m[K^~~~~~~~~~~[m[K
[3.186s] [01m[K/home/rohan908/Documents/ACP/NMPC/src/ros2_fast_planner/Fast-Planner-ROS2-Humble/fast_planner/plan_env/src/sdf_map.cpp:1139:24:[m[K [01;31m[Kerror: [m[Kâ€˜[01m[Kcloud_msg[m[Kâ€™ was not declared in this scope
[3.186s]  1139 |   pcl::toROSMsg(cloud, [01;31m[Kcloud_msg[m[K);
[3.186s]       |                        [01;31m[K^~~~~~~~~[m[K
[3.187s] [01m[K/home/rohan908/Documents/ACP/NMPC/src/ros2_fast_planner/Fast-Planner-ROS2-Humble/fast_planner/plan_env/src/sdf_map.cpp:[m[K In member function â€˜[01m[Kvoid SDFMap::publishDepth()[m[Kâ€™:
[3.187s] [01m[K/home/rohan908/Documents/ACP/NMPC/src/ros2_fast_planner/Fast-Planner-ROS2-Humble/fast_planner/plan_env/src/sdf_map.cpp:1160:16:[m[K [01;31m[Kerror: [m[Kâ€˜[01m[KPointCloud2[m[Kâ€™ is not a member of â€˜[01m[Ksensor_msgs[m[Kâ€™; did you mean â€˜[01m[Ksensor_msgs::msg::PointCloud2[m[Kâ€™?
[3.187s]  1160 |   sensor_msgs::[01;31m[KPointCloud2[m[K cloud_msg;
[3.187s]       |                [01;31m[K^~~~~~~~~~~[m[K
[3.187s] In file included from [01m[K/opt/ros/humble/include/sensor_msgs/sensor_msgs/msg/point_cloud2.hpp:7[m[K,
[3.187s]                  from [01m[K/home/rohan908/Documents/ACP/NMPC/src/ros2_fast_planner/Fast-Planner-ROS2-Humble/fast_planner/plan_env/include/plan_env/sdf_map.h:33[m[K,
[3.187s]                  from [01m[K/home/rohan908/Documents/ACP/NMPC/src/ros2_fast_planner/Fast-Planner-ROS2-Humble/fast_planner/plan_env/src/sdf_map.cpp:26[m[K:
[3.187s] [01m[K/opt/ros/humble/include/sensor_msgs/sensor_msgs/msg/detail/point_cloud2__struct.hpp:235:7:[m[K [01;36m[Knote: [m[Kâ€˜[01m[Ksensor_msgs::msg::PointCloud2[m[Kâ€™ declared here
[3.187s]   235 | using [01;36m[KPointCloud2[m[K =
[3.187s]       |       [01;36m[K^~~~~~~~~~~[m[K
[3.191s] [01m[K/home/rohan908/Documents/ACP/NMPC/src/ros2_fast_planner/Fast-Planner-ROS2-Humble/fast_planner/plan_env/src/sdf_map.cpp:1161:24:[m[K [01;31m[Kerror: [m[Kâ€˜[01m[Kcloud_msg[m[Kâ€™ was not declared in this scope
[3.191s]  1161 |   pcl::toROSMsg(cloud, [01;31m[Kcloud_msg[m[K);
[3.191s]       |                        [01;31m[K^~~~~~~~~[m[K
[3.202s] [01m[K/home/rohan908/Documents/ACP/NMPC/src/ros2_fast_planner/Fast-Planner-ROS2-Humble/fast_planner/plan_env/src/sdf_map.cpp:[m[K In member function â€˜[01m[Kvoid SDFMap::publishESDF()[m[Kâ€™:
[3.202s] [01m[K/home/rohan908/Documents/ACP/NMPC/src/ros2_fast_planner/Fast-Planner-ROS2-Humble/fast_planner/plan_env/src/sdf_map.cpp:1238:16:[m[K [01;31m[Kerror: [m[Kâ€˜[01m[KPointCloud2[m[Kâ€™ is not a member of â€˜[01m[Ksensor_msgs[m[Kâ€™; did you mean â€˜[01m[Ksensor_msgs::msg::PointCloud2[m[Kâ€™?
[3.202s]  1238 |   sensor_msgs::[01;31m[KPointCloud2[m[K cloud_msg;
[3.202s]       |                [01;31m[K^~~~~~~~~~~[m[K
[3.202s] In file included from [01m[K/opt/ros/humble/include/sensor_msgs/sensor_msgs/msg/point_cloud2.hpp:7[m[K,
[3.202s]                  from [01m[K/home/rohan908/Documents/ACP/NMPC/src/ros2_fast_planner/Fast-Planner-ROS2-Humble/fast_planner/plan_env/include/plan_env/sdf_map.h:33[m[K,
[3.202s]                  from [01m[K/home/rohan908/Documents/ACP/NMPC/src/ros2_fast_planner/Fast-Planner-ROS2-Humble/fast_planner/plan_env/src/sdf_map.cpp:26[m[K:
[3.202s] [01m[K/opt/ros/humble/include/sensor_msgs/sensor_msgs/msg/detail/point_cloud2__struct.hpp:235:7:[m[K [01;36m[Knote: [m[Kâ€˜[01m[Ksensor_msgs::msg::PointCloud2[m[Kâ€™ declared here
[3.202s]   235 | using [01;36m[KPointCloud2[m[K =
[3.202s]       |       [01;36m[K^~~~~~~~~~~[m[K
[3.207s] [01m[K/home/rohan908/Documents/ACP/NMPC/src/ros2_fast_planner/Fast-Planner-ROS2-Humble/fast_planner/plan_env/src/sdf_map.cpp:1239:24:[m[K [01;31m[Kerror: [m[Kâ€˜[01m[Kcloud_msg[m[Kâ€™ was not declared in this scope
[3.207s]  1239 |   pcl::toROSMsg(cloud, [01;31m[Kcloud_msg[m[K);
[3.207s]       |                        [01;31m[K^~~~~~~~~[m[K
[6.521s] gmake[2]: *** [CMakeFiles/plan_env.dir/build.make:76: CMakeFiles/plan_env.dir/src/sdf_map.cpp.o] Error 1
[6.521s] gmake[1]: *** [CMakeFiles/Makefile2:139: CMakeFiles/plan_env.dir/all] Error 2
[6.521s] gmake: *** [Makefile:146: all] Error 2
[6.522s] Invoked command in '/home/rohan908/Documents/ACP/NMPC/src/ros2_fast_planner/Fast-Planner-ROS2-Humble/build/plan_env' returned '2': /usr/bin/cmake --build /home/rohan908/Documents/ACP/NMPC/src/ros2_fast_planner/Fast-Planner-ROS2-Humble/build/plan_env -- -j20 -l20
